# JRE version: Java(TM) SE Runtime Environment (8.0_111-b14) (build 1.8.0_111-b14)
# Java VM: Java HotSpot(TM) 64-Bit Server VM (25.111-b14 mixed mode windows-amd64 compressed oops)
Heap:
 PSYoungGen      total 140288K, used 112310K [0x00000000d5d80000, 0x00000000e1b00000, 0x0000000100000000)
  eden space 129536K, 78% used [0x00000000d5d80000,0x00000000dc0af880,0x00000000ddc00000)
  from space 10752K, 99% used [0x00000000ddc00000,0x00000000de67e320,0x00000000de680000)
  to   space 12288K, 0% used [0x00000000e0f00000,0x00000000e0f00000,0x00000000e1b00000)
 ParOldGen       total 91136K, used 12441K [0x0000000081800000, 0x0000000087100000, 0x00000000d5d80000)
  object space 91136K, 13% used [0x0000000081800000,0x00000000824266f8,0x0000000087100000)
 Metaspace       used 47309K, capacity 50714K, committed 50944K, reserved 1093632K
  class space    used 6325K, capacity 6871K, committed 6912K, reserved 1048576K
GC Heap History (10 events):
Event: 6.501 GC heap before
{Heap before GC invocations=7 (full 1):
 PSYoungGen      total 71680K, used 66560K [0x00000000d5d80000, 0x00000000def80000, 0x0000000100000000)
  eden space 66560K, 100% used [0x00000000d5d80000,0x00000000d9e80000,0x00000000d9e80000)
  from space 5120K, 0% used [0x00000000d9e80000,0x00000000d9e80000,0x00000000da380000)
  to   space 8192K, 0% used [0x00000000de780000,0x00000000de780000,0x00000000def80000)
 ParOldGen       total 61952K, used 6857K [0x0000000081800000, 0x0000000085480000, 0x00000000d5d80000)
  object space 61952K, 11% used [0x0000000081800000,0x0000000081eb2668,0x0000000085480000)
 Metaspace       used 24611K, capacity 25864K, committed 25984K, reserved 1071104K
  class space    used 3186K, capacity 3440K, committed 3456K, reserved 1048576K
Event: 6.515 GC heap after
Heap after GC invocations=7 (full 1):
 PSYoungGen      total 99840K, used 7331K [0x00000000d5d80000, 0x00000000def00000, 0x0000000100000000)
  eden space 92160K, 0% used [0x00000000d5d80000,0x00000000d5d80000,0x00000000db780000)
  from space 7680K, 95% used [0x00000000de780000,0x00000000deea8df0,0x00000000def00000)
  to   space 8704K, 0% used [0x00000000dde00000,0x00000000dde00000,0x00000000de680000)
 ParOldGen       total 61952K, used 6865K [0x0000000081800000, 0x0000000085480000, 0x00000000d5d80000)
  object space 61952K, 11% used [0x0000000081800000,0x0000000081eb4668,0x0000000085480000)
 Metaspace       used 24611K, capacity 25864K, committed 25984K, reserved 1071104K
  class space    used 3186K, capacity 3440K, committed 3456K, reserved 1048576K
}
Event: 10.674 GC heap before
{Heap before GC invocations=8 (full 1):
 PSYoungGen      total 99840K, used 99491K [0x00000000d5d80000, 0x00000000def00000, 0x0000000100000000)
  eden space 92160K, 100% used [0x00000000d5d80000,0x00000000db780000,0x00000000db780000)
  from space 7680K, 95% used [0x00000000de780000,0x00000000deea8df0,0x00000000def00000)
  to   space 8704K, 0% used [0x00000000dde00000,0x00000000dde00000,0x00000000de680000)
 ParOldGen       total 61952K, used 6865K [0x0000000081800000, 0x0000000085480000, 0x00000000d5d80000)
  object space 61952K, 11% used [0x0000000081800000,0x0000000081eb4668,0x0000000085480000)
 Metaspace       used 33059K, capacity 34990K, committed 35200K, reserved 1079296K
  class space    used 4303K, capacity 4648K, committed 4736K, reserved 1048576K
Event: 10.696 GC heap after
Heap after GC invocations=8 (full 1):
 PSYoungGen      total 131584K, used 8679K [0x00000000d5d80000, 0x00000000deb80000, 0x0000000100000000)
  eden space 122880K, 0% used [0x00000000d5d80000,0x00000000d5d80000,0x00000000dd580000)
  from space 8704K, 99% used [0x00000000dde00000,0x00000000de679f28,0x00000000de680000)
  to   space 5120K, 0% used [0x00000000de680000,0x00000000de680000,0x00000000deb80000)
 ParOldGen       total 61952K, used 10504K [0x0000000081800000, 0x0000000085480000, 0x00000000d5d80000)
  object space 61952K, 16% used [0x0000000081800000,0x0000000082242078,0x0000000085480000)
 Metaspace       used 33059K, capacity 34990K, committed 35200K, reserved 1079296K
  class space    used 4303K, capacity 4648K, committed 4736K, reserved 1048576K
}
Event: 10.832 GC heap before
{Heap before GC invocations=9 (full 1):
 PSYoungGen      total 131584K, used 17685K [0x00000000d5d80000, 0x00000000deb80000, 0x0000000100000000)
  eden space 122880K, 7% used [0x00000000d5d80000,0x00000000d664b8b0,0x00000000dd580000)
  from space 8704K, 99% used [0x00000000dde00000,0x00000000de679f28,0x00000000de680000)
  to   space 5120K, 0% used [0x00000000de680000,0x00000000de680000,0x00000000deb80000)
 ParOldGen       total 61952K, used 10504K [0x0000000081800000, 0x0000000085480000, 0x00000000d5d80000)
  object space 61952K, 16% used [0x0000000081800000,0x0000000082242078,0x0000000085480000)
 Metaspace       used 33539K, capacity 35414K, committed 35456K, reserved 1079296K
  class space    used 4364K, capacity 4720K, committed 4736K, reserved 1048576K
Event: 10.847 GC heap after
Heap after GC invocations=9 (full 1):
 PSYoungGen      total 134656K, used 5108K [0x00000000d5d80000, 0x00000000e2680000, 0x0000000100000000)
  eden space 129536K, 0% used [0x00000000d5d80000,0x00000000d5d80000,0x00000000ddc00000)
  from space 5120K, 99% used [0x00000000de680000,0x00000000deb7d030,0x00000000deb80000)
  to   space 10752K, 0% used [0x00000000ddc00000,0x00000000ddc00000,0x00000000de680000)
 ParOldGen       total 61952K, used 12703K [0x0000000081800000, 0x0000000085480000, 0x00000000d5d80000)
  object space 61952K, 20% used [0x0000000081800000,0x0000000082467da8,0x0000000085480000)
 Metaspace       used 33539K, capacity 35414K, committed 35456K, reserved 1079296K
  class space    used 4364K, capacity 4720K, committed 4736K, reserved 1048576K
}
Event: 10.847 GC heap before
{Heap before GC invocations=10 (full 2):
 PSYoungGen      total 134656K, used 5108K [0x00000000d5d80000, 0x00000000e2680000, 0x0000000100000000)
  eden space 129536K, 0% used [0x00000000d5d80000,0x00000000d5d80000,0x00000000ddc00000)
  from space 5120K, 99% used [0x00000000de680000,0x00000000deb7d030,0x00000000deb80000)
  to   space 10752K, 0% used [0x00000000ddc00000,0x00000000ddc00000,0x00000000de680000)
 ParOldGen       total 61952K, used 12703K [0x0000000081800000, 0x0000000085480000, 0x00000000d5d80000)
  object space 61952K, 20% used [0x0000000081800000,0x0000000082467da8,0x0000000085480000)
 Metaspace       used 33539K, capacity 35414K, committed 35456K, reserved 1079296K
  class space    used 4364K, capacity 4720K, committed 4736K, reserved 1048576K
Event: 10.979 GC heap after
Heap after GC invocations=10 (full 2):
 PSYoungGen      total 134656K, used 0K [0x00000000d5d80000, 0x00000000e2680000, 0x0000000100000000)
  eden space 129536K, 0% used [0x00000000d5d80000,0x00000000d5d80000,0x00000000ddc00000)
  from space 5120K, 0% used [0x00000000de680000,0x00000000de680000,0x00000000deb80000)
  to   space 10752K, 0% used [0x00000000ddc00000,0x00000000ddc00000,0x00000000de680000)
 ParOldGen       total 91136K, used 11537K [0x0000000081800000, 0x0000000087100000, 0x00000000d5d80000)
  object space 91136K, 12% used [0x0000000081800000,0x0000000082344488,0x0000000087100000)
 Metaspace       used 33539K, capacity 35414K, committed 35456K, reserved 1079296K
  class space    used 4364K, capacity 4720K, committed 4736K, reserved 1048576K
}
Event: 13.820 GC heap before
{Heap before GC invocations=11 (full 2):
 PSYoungGen      total 134656K, used 129536K [0x00000000d5d80000, 0x00000000e2680000, 0x0000000100000000)
  eden space 129536K, 100% used [0x00000000d5d80000,0x00000000ddc00000,0x00000000ddc00000)
  from space 5120K, 0% used [0x00000000de680000,0x00000000de680000,0x00000000deb80000)
  to   space 10752K, 0% used [0x00000000ddc00000,0x00000000ddc00000,0x00000000de680000)
 ParOldGen       total 91136K, used 11537K [0x0000000081800000, 0x0000000087100000, 0x00000000d5d80000)
  object space 91136K, 12% used [0x0000000081800000,0x0000000082344488,0x0000000087100000)
 Metaspace       used 41092K, capacity 44062K, committed 44160K, reserved 1087488K
  class space    used 5502K, capacity 5998K, committed 6016K, reserved 1048576K
Event: 13.839 GC heap after
Heap after GC invocations=11 (full 2):
 PSYoungGen      total 140288K, used 10744K [0x00000000d5d80000, 0x00000000e1b00000, 0x0000000100000000)
  eden space 129536K, 0% used [0x00000000d5d80000,0x00000000d5d80000,0x00000000ddc00000)
  from space 10752K, 99% used [0x00000000ddc00000,0x00000000de67e320,0x00000000de680000)
  to   space 12288K, 0% used [0x00000000e0f00000,0x00000000e0f00000,0x00000000e1b00000)
 ParOldGen       total 91136K, used 12441K [0x0000000081800000, 0x0000000087100000, 0x00000000d5d80000)
  object space 91136K, 13% used [0x0000000081800000,0x00000000824266f8,0x0000000087100000)
 Metaspace       used 41092K, capacity 44062K, committed 44160K, reserved 1087488K
  class space    used 5502K, capacity 5998K, committed 6016K, reserved 1048576K
}

